[INFO] 14:51:27:284 CPUHANDLER/(3473:3479): Server creado con exito y escuchando.
[INFO] 14:51:27:284 CPUHANDLER/(3473:3479): Server iniciado.
[INFO] 01:59:01:100 CPUHANDLER/(2832:2834): Server creado con exito y escuchando.
[INFO] 01:59:01:100 CPUHANDLER/(2832:2834): Server iniciado.
[ERROR] 01:59:30:106 CPUHANDLER/(2884:2886): No se pudo crear el server escucha.
[ERROR] 01:59:30:106 CPUHANDLER/(2884:2886): No se pudo iniciar el server.
[INFO] 01:59:41:515 CPUHANDLER/(2930:2932): Server creado con exito y escuchando.
[INFO] 01:59:41:515 CPUHANDLER/(2930:2932): Server iniciado.
[INFO] 02:00:02:533 CPUHANDLER/(2930:2932): Nueva Conexion detectada, realizando handshake
[INFO] 02:00:02:534 CPUHANDLER/(2930:2932): ID Nuevo Cliente: 0.
[INFO] 02:00:02:534 CPUHANDLER/(2930:2932): Nuevo Cliente CONSOLA
[INFO] 02:00:02:534 CPUHANDLER/(2930:2932): Nuevo Cliente Consola 7 aceptado.
[INFO] 02:00:02:534 CPUHANDLER/(2930:2932): KER-CON: HANDSHAKE se devolvio handshake
[INFO] 02:00:34:466 CPUHANDLER/(2930:2932): KERNEL : El cliente 7 ha enviado un paquete
[INFO] 02:00:34:466 CPUHANDLER/(2930:2932): KERNEL : El cliente 7 es una consola
[ERROR] 02:00:34:467 CPUHANDLER/(2930:2932): KERNEL : El Cliente 7 mando ANSISOP
[INFO] 02:00:55:883 CPUHANDLER/(3133:3142): Server creado con exito y escuchando.
[INFO] 02:00:55:883 CPUHANDLER/(3133:3142): Server iniciado.
[INFO] 02:01:03:782 CPUHANDLER/(3133:3142): Nueva Conexion detectada, realizando handshake
[INFO] 02:01:03:783 CPUHANDLER/(3133:3142): ID Nuevo Cliente: 0.
[INFO] 02:01:03:783 CPUHANDLER/(3133:3142): Nuevo Cliente CONSOLA
[INFO] 02:01:03:783 CPUHANDLER/(3133:3142): Nuevo Cliente Consola 7 aceptado.
[INFO] 02:01:03:783 CPUHANDLER/(3133:3142): KER-CON: HANDSHAKE se devolvio handshake
[INFO] 02:01:15:929 CPUHANDLER/(3133:3142): KERNEL : El cliente 7 ha enviado un paquete
[INFO] 02:01:15:929 CPUHANDLER/(3133:3142): KERNEL : El cliente 7 es una consola
[ERROR] 02:01:15:929 CPUHANDLER/(3133:3142): KERNEL : El Cliente 7 mando ANSISOP
[INFO] 02:02:11:665 CPUHANDLER/(3232:3239): Server creado con exito y escuchando.
[INFO] 02:02:11:665 CPUHANDLER/(3232:3239): Server iniciado.
[INFO] 02:02:20:905 CPUHANDLER/(3232:3239): Nueva Conexion detectada, realizando handshake
[INFO] 02:02:20:905 CPUHANDLER/(3232:3239): ID Nuevo Cliente: 0.
[INFO] 02:02:20:905 CPUHANDLER/(3232:3239): Nuevo Cliente CONSOLA
[INFO] 02:02:20:905 CPUHANDLER/(3232:3239): Nuevo Cliente Consola 7 aceptado.
[INFO] 02:02:20:905 CPUHANDLER/(3232:3239): KER-CON: HANDSHAKE se devolvio handshake
[INFO] 02:02:28:3 CPUHANDLER/(3232:3239): KERNEL : El cliente 7 ha enviado un paquete
[INFO] 02:02:28:3 CPUHANDLER/(3232:3239): KERNEL : El cliente 7 es una consola
[ERROR] 02:02:28:3 CPUHANDLER/(3232:3239): KERNEL : El Cliente 7 mando ANSISOP
[INFO] 02:03:37:692 CPUHANDLER/(3333:3340): Server creado con exito y escuchando.
[INFO] 02:03:37:692 CPUHANDLER/(3333:3340): Server iniciado.
[INFO] 02:03:43:664 CPUHANDLER/(3333:3340): Nueva Conexion detectada, realizando handshake
[INFO] 02:03:43:664 CPUHANDLER/(3333:3340): ID Nuevo Cliente: 0.
[INFO] 02:03:43:664 CPUHANDLER/(3333:3340): Nuevo Cliente CONSOLA
[INFO] 02:03:43:664 CPUHANDLER/(3333:3340): Nuevo Cliente Consola 7 aceptado.
[INFO] 02:03:43:664 CPUHANDLER/(3333:3340): KER-CON: HANDSHAKE se devolvio handshake
[INFO] 02:03:52:277 CPUHANDLER/(3333:3340): KERNEL : El cliente 7 ha enviado un paquete
[INFO] 02:03:52:277 CPUHANDLER/(3333:3340): KERNEL : El cliente 7 es una consola
[ERROR] 02:03:52:277 CPUHANDLER/(3333:3340): KERNEL : El Cliente 7 mando ANSISOP
[INFO] 02:07:43:608 CPUHANDLER/(3499:3501): Server creado con exito y escuchando.
[INFO] 02:07:43:608 CPUHANDLER/(3499:3501): Server iniciado.
[INFO] 02:10:01:57 CPUHANDLER/(3688:3692): Server creado con exito y escuchando.
[INFO] 02:10:01:57 CPUHANDLER/(3688:3692): Server iniciado.
[INFO] 02:12:47:560 CPUHANDLER/(3861:3866): Server creado con exito y escuchando.
[INFO] 02:12:47:560 CPUHANDLER/(3861:3866): Server iniciado.
[ERROR] 02:13:05:772 CPUHANDLER/(3996:4004): No se pudo crear el server escucha.
[ERROR] 02:13:05:772 CPUHANDLER/(3996:4004): No se pudo iniciar el server.
[INFO] 02:13:17:475 CPUHANDLER/(3861:3866): Nueva Conexion detectada, realizando handshake
[INFO] 02:13:17:476 CPUHANDLER/(3861:3866): ID Nuevo Cliente: 0.
[INFO] 02:13:17:476 CPUHANDLER/(3861:3866): Nuevo Cliente CONSOLA
[INFO] 02:13:17:476 CPUHANDLER/(3861:3866): Nuevo Cliente Consola 7 aceptado.
[INFO] 02:13:17:476 CPUHANDLER/(3861:3866): KER-CON: HANDSHAKE se devolvio handshake
[INFO] 02:13:25:361 CPUHANDLER/(3861:3866): KERNEL : El cliente 7 ha enviado un paquete
[INFO] 02:13:25:361 CPUHANDLER/(3861:3866): KERNEL : El cliente 7 es una consola
[ERROR] 02:13:25:361 CPUHANDLER/(3861:3866): KERNEL : El Cliente 7 mando ANSISOP
[INFO] 02:14:05:362 CPUHANDLER/(4100:4106): Server creado con exito y escuchando.
[INFO] 02:14:05:362 CPUHANDLER/(4100:4106): Server iniciado.
[INFO] 02:14:14:306 CPUHANDLER/(4100:4106): Nueva Conexion detectada, realizando handshake
[INFO] 02:14:14:306 CPUHANDLER/(4100:4106): ID Nuevo Cliente: 0.
[INFO] 02:14:14:306 CPUHANDLER/(4100:4106): Nuevo Cliente CONSOLA
[INFO] 02:14:14:306 CPUHANDLER/(4100:4106): Nuevo Cliente Consola 7 aceptado.
[INFO] 02:14:14:306 CPUHANDLER/(4100:4106): KER-CON: HANDSHAKE se devolvio handshake
[INFO] 02:14:22:880 CPUHANDLER/(4100:4106): KERNEL : El cliente 7 ha enviado un paquete
[INFO] 02:14:22:880 CPUHANDLER/(4100:4106): KERNEL : El cliente 7 es una consola
[ERROR] 02:14:22:880 CPUHANDLER/(4100:4106): KERNEL : El Cliente 7 mando ANSISOP
[INFO] 02:16:56:773 CPUHANDLER/(4209:4215): Server creado con exito y escuchando.
[INFO] 02:16:56:773 CPUHANDLER/(4209:4215): Server iniciado.
[INFO] 02:17:12:625 CPUHANDLER/(4209:4215): Nueva Conexion detectada, realizando handshake
[INFO] 02:17:12:625 CPUHANDLER/(4209:4215): ID Nuevo Cliente: 0.
[INFO] 02:17:12:625 CPUHANDLER/(4209:4215): Nuevo Cliente CONSOLA
[INFO] 02:17:12:625 CPUHANDLER/(4209:4215): Nuevo Cliente Consola 7 aceptado.
[INFO] 02:17:12:625 CPUHANDLER/(4209:4215): KER-CON: HANDSHAKE se devolvio handshake
[INFO] 02:20:45:429 CPUHANDLER/(4209:4215): KERNEL : Se cayo el cliente 7
[INFO] 02:20:45:429 CPUHANDLER/(4209:4215): KERNEL : Se elimina el cliente 7 de la bolsa de descriptores
[INFO] 02:20:45:429 CPUHANDLER/(4209:4215): KERNEL : Se elimina el descriptor 7 para ese cliente
[INFO] 02:22:21:689 CPUHANDLER/(4407:4414): Server creado con exito y escuchando.
[INFO] 02:22:21:689 CPUHANDLER/(4407:4414): Server iniciado.
[INFO] 02:22:45:935 CPUHANDLER/(4509:4516): Server creado con exito y escuchando.
[INFO] 02:22:45:935 CPUHANDLER/(4509:4516): Server iniciado.
[INFO] 02:22:56:65 CPUHANDLER/(4509:4516): Nueva Conexion detectada, realizando handshake
[INFO] 02:22:56:66 CPUHANDLER/(4509:4516): ID Nuevo Cliente: 0.
[INFO] 02:22:56:66 CPUHANDLER/(4509:4516): Nuevo Cliente CONSOLA
[INFO] 02:22:56:66 CPUHANDLER/(4509:4516): Nuevo Cliente Consola 7 aceptado.
[INFO] 02:22:56:66 CPUHANDLER/(4509:4516): KER-CON: HANDSHAKE se devolvio handshake
[INFO] 02:23:57:841 CPUHANDLER/(4509:4516): KERNEL : Se cayo el cliente 7
[INFO] 02:23:57:841 CPUHANDLER/(4509:4516): KERNEL : Se elimina el cliente 7 de la bolsa de descriptores
[INFO] 02:23:57:841 CPUHANDLER/(4509:4516): KERNEL : Se elimina el descriptor 7 para ese cliente
[INFO] 02:25:53:71 CPUHANDLER/(4689:4696): Server creado con exito y escuchando.
[INFO] 02:25:53:71 CPUHANDLER/(4689:4696): Server iniciado.
[INFO] 02:26:04:299 CPUHANDLER/(4689:4696): Nueva Conexion detectada, realizando handshake
[INFO] 02:26:04:299 CPUHANDLER/(4689:4696): ID Nuevo Cliente: 0.
[INFO] 02:26:04:299 CPUHANDLER/(4689:4696): Nuevo Cliente CONSOLA
[INFO] 02:26:04:299 CPUHANDLER/(4689:4696): Nuevo Cliente Consola 7 aceptado.
[INFO] 02:26:04:299 CPUHANDLER/(4689:4696): KER-CON: HANDSHAKE se devolvio handshake
[INFO] 02:27:27:231 CPUHANDLER/(4689:4696): KERNEL : Se cayo el cliente 7
[INFO] 02:27:27:231 CPUHANDLER/(4689:4696): KERNEL : Se elimina el cliente 7 de la bolsa de descriptores
[INFO] 02:27:27:232 CPUHANDLER/(4689:4696): KERNEL : Se elimina el descriptor 7 para ese cliente
[INFO] 02:27:41:744 CPUHANDLER/(4813:4819): Server creado con exito y escuchando.
[INFO] 02:27:41:744 CPUHANDLER/(4813:4819): Server iniciado.
[INFO] 02:27:49:410 CPUHANDLER/(4813:4819): Nueva Conexion detectada, realizando handshake
[INFO] 02:27:49:411 CPUHANDLER/(4813:4819): ID Nuevo Cliente: 0.
[INFO] 02:27:49:411 CPUHANDLER/(4813:4819): Nuevo Cliente CONSOLA
[INFO] 02:27:49:411 CPUHANDLER/(4813:4819): Nuevo Cliente Consola 7 aceptado.
[INFO] 02:27:49:411 CPUHANDLER/(4813:4819): KER-CON: HANDSHAKE se devolvio handshake
[INFO] 02:27:53:337 CPUHANDLER/(4813:4819): KERNEL : El cliente 7 ha enviado un paquete
[INFO] 02:27:53:337 CPUHANDLER/(4813:4819): KERNEL : El cliente 7 es una consola
[ERROR] 02:27:53:337 CPUHANDLER/(4813:4819): KERNEL : El Cliente 7 mando ANSISOP
[INFO] 02:28:53:743 CPUHANDLER/(4913:4920): Server creado con exito y escuchando.
[INFO] 02:28:53:743 CPUHANDLER/(4913:4920): Server iniciado.
[INFO] 02:29:02:929 CPUHANDLER/(4913:4920): Nueva Conexion detectada, realizando handshake
[INFO] 02:29:02:929 CPUHANDLER/(4913:4920): ID Nuevo Cliente: 0.
[INFO] 02:29:02:929 CPUHANDLER/(4913:4920): Nuevo Cliente CONSOLA
[INFO] 02:29:02:929 CPUHANDLER/(4913:4920): Nuevo Cliente Consola 7 aceptado.
[INFO] 02:29:02:929 CPUHANDLER/(4913:4920): KER-CON: HANDSHAKE se devolvio handshake
[INFO] 02:34:47:835 CPUHANDLER/(4913:4920): KERNEL : El cliente 7 ha enviado un paquete
[INFO] 02:34:47:835 CPUHANDLER/(4913:4920): KERNEL : El cliente 7 es una consola
[ERROR] 02:34:47:835 CPUHANDLER/(4913:4920): KERNEL : El Cliente 7 mando ANSISOP
[INFO] 23:52:54:701 CPUHANDLER/(2907:2909): Server creado con exito y escuchando.
[INFO] 23:52:54:701 CPUHANDLER/(2907:2909): Server iniciado.
[INFO] 23:53:15:760 CPUHANDLER/(2950:2957): Server creado con exito y escuchando.
[INFO] 23:53:15:760 CPUHANDLER/(2950:2957): Server iniciado.
[INFO] 23:53:56:632 CPUHANDLER/(3001:3008): Server creado con exito y escuchando.
[INFO] 23:53:56:632 CPUHANDLER/(3001:3008): Server iniciado.
[INFO] 23:54:12:295 CPUHANDLER/(3001:3008): Nueva Conexion detectada, realizando handshake
[INFO] 23:54:12:295 CPUHANDLER/(3001:3008): ID Nuevo Cliente: 0.
[INFO] 23:54:12:295 CPUHANDLER/(3001:3008): Nuevo Cliente CONSOLA
[INFO] 23:54:53:596 CPUHANDLER/(3098:3104): Server creado con exito y escuchando.
[INFO] 23:54:53:596 CPUHANDLER/(3098:3104): Server iniciado.
[INFO] 23:55:00:272 CPUHANDLER/(3098:3104): Nueva Conexion detectada, realizando handshake
[INFO] 23:55:00:273 CPUHANDLER/(3098:3104): ID Nuevo Cliente: 0.
[INFO] 23:55:00:273 CPUHANDLER/(3098:3104): Nuevo Cliente CONSOLA
[INFO] 23:55:41:706 CPUHANDLER/(3194:3201): Server creado con exito y escuchando.
[INFO] 23:55:41:706 CPUHANDLER/(3194:3201): Server iniciado.
[INFO] 23:56:34:13 CPUHANDLER/(3194:3201): Nueva Conexion detectada, realizando handshake
[INFO] 23:58:23:788 CPUHANDLER/(3194:3201): ID Nuevo Cliente: 0.
[INFO] 23:58:23:788 CPUHANDLER/(3194:3201): Nuevo Cliente CONSOLA
[INFO] 23:59:36:810 CPUHANDLER/(3515:3520): Server creado con exito y escuchando.
[INFO] 23:59:36:810 CPUHANDLER/(3515:3520): Server iniciado.
[INFO] 23:59:42:882 CPUHANDLER/(3515:3520): Nueva Conexion detectada, realizando handshake
[INFO] 23:59:42:883 CPUHANDLER/(3515:3520): ID Nuevo Cliente: 0.
[INFO] 23:59:42:883 CPUHANDLER/(3515:3520): Nuevo Cliente CONSOLA
[INFO] 23:59:53:44 CPUHANDLER/(3605:3608): Server creado con exito y escuchando.
[INFO] 23:59:53:44 CPUHANDLER/(3605:3608): Server iniciado.
[INFO] 00:00:00:349 CPUHANDLER/(3605:3608): Nueva Conexion detectada, realizando handshake
[INFO] 00:00:00:350 CPUHANDLER/(3605:3608): ID Nuevo Cliente: 0.
[INFO] 00:00:00:350 CPUHANDLER/(3605:3608): Nuevo Cliente CONSOLA
[INFO] 00:02:20:56 CPUHANDLER/(3799:3803): Server creado con exito y escuchando.
[INFO] 00:02:20:56 CPUHANDLER/(3799:3803): Server iniciado.
[INFO] 00:02:28:821 CPUHANDLER/(3799:3803): Nueva Conexion detectada, realizando handshake
[INFO] 00:02:28:822 CPUHANDLER/(3799:3803): ID Nuevo Cliente: 0.
[INFO] 00:02:28:822 CPUHANDLER/(3799:3803): Nuevo Cliente CONSOLA
[INFO] 00:03:25:616 CPUHANDLER/(3983:3986): Server creado con exito y escuchando.
[INFO] 00:03:25:616 CPUHANDLER/(3983:3986): Server iniciado.
[INFO] 00:03:42:579 CPUHANDLER/(3983:3986): Nueva Conexion detectada, realizando handshake
[INFO] 00:03:42:582 CPUHANDLER/(3983:3986): ID Nuevo Cliente: 0.
[INFO] 00:03:42:582 CPUHANDLER/(3983:3986): Nuevo Cliente CONSOLA
[INFO] 00:04:34:972 CPUHANDLER/(4091:4095): Server creado con exito y escuchando.
[INFO] 00:04:34:972 CPUHANDLER/(4091:4095): Server iniciado.
[INFO] 00:04:51:807 CPUHANDLER/(4091:4095): Nueva Conexion detectada, realizando handshake
[INFO] 00:04:51:808 CPUHANDLER/(4091:4095): ID Nuevo Cliente: 0.
[INFO] 00:04:51:808 CPUHANDLER/(4091:4095): Nuevo Cliente CONSOLA
[INFO] 00:06:25:593 CPUHANDLER/(4191:4197): Server creado con exito y escuchando.
[INFO] 00:06:25:593 CPUHANDLER/(4191:4197): Server iniciado.
[INFO] 00:06:35:84 CPUHANDLER/(4191:4197): Nueva Conexion detectada, realizando handshake
[INFO] 00:06:35:84 CPUHANDLER/(4191:4197): ID Nuevo Cliente: 0.
[INFO] 00:06:35:84 CPUHANDLER/(4191:4197): Nuevo Cliente CONSOLA
[INFO] 00:08:58:841 CPUHANDLER/(4337:4344): Server creado con exito y escuchando.
[INFO] 00:08:58:841 CPUHANDLER/(4337:4344): Server iniciado.
[INFO] 00:09:24:416 CPUHANDLER/(4337:4344): Nueva Conexion detectada, realizando handshake
[INFO] 00:09:24:416 CPUHANDLER/(4337:4344): ID Nuevo Cliente: 0.
[INFO] 00:09:24:416 CPUHANDLER/(4337:4344): Nuevo Cliente CONSOLA
[INFO] 00:11:07:487 CPUHANDLER/(4473:4477): Server creado con exito y escuchando.
[INFO] 00:11:07:487 CPUHANDLER/(4473:4477): Server iniciado.
[INFO] 00:11:13:844 CPUHANDLER/(4473:4477): Nueva Conexion detectada, realizando handshake
[INFO] 00:11:13:845 CPUHANDLER/(4473:4477): ID Nuevo Cliente: 0.
[INFO] 00:11:13:845 CPUHANDLER/(4473:4477): Nuevo Cliente CONSOLA
[INFO] 00:12:00:518 CPUHANDLER/(4563:4567): Server creado con exito y escuchando.
[INFO] 00:12:00:518 CPUHANDLER/(4563:4567): Server iniciado.
[INFO] 00:12:21:53 CPUHANDLER/(4563:4567): Nueva Conexion detectada, realizando handshake
[INFO] 00:12:21:56 CPUHANDLER/(4563:4567): ID Nuevo Cliente: 0.
[INFO] 00:12:21:56 CPUHANDLER/(4563:4567): Nuevo Cliente CONSOLA
[INFO] 00:19:53:719 CPUHANDLER/(4830:4834): Server creado con exito y escuchando.
[INFO] 00:19:53:719 CPUHANDLER/(4830:4834): Server iniciado.
[INFO] 00:20:09:512 CPUHANDLER/(4830:4834): Nueva Conexion detectada, realizando handshake
[INFO] 00:20:09:514 CPUHANDLER/(4830:4834): ID Nuevo Cliente: 0.
[INFO] 00:20:09:514 CPUHANDLER/(4830:4834): Nuevo Cliente CONSOLA
[INFO] 23:28:56:263 CPUHANDLER/(5279:5289): Server creado con exito y escuchando.
[INFO] 23:28:56:263 CPUHANDLER/(5279:5289): Server iniciado.
[INFO] 23:28:57:218 CPUHANDLER/(5279:5289): Nueva Conexion detectada, realizando handshake
[INFO] 23:28:57:218 CPUHANDLER/(5279:5289): ID Nuevo Cliente: 0.
[INFO] 23:28:57:218 CPUHANDLER/(5279:5289): Nuevo Cliente CONSOLA
[INFO] 23:28:57:218 CPUHANDLER/(5279:5289): Nuevo Cliente Consola 7 aceptado.
[INFO] 23:28:57:218 CPUHANDLER/(5279:5289): KER-CON: HANDSHAKE se devolvio handshake
[INFO] 23:29:05:92 CPUHANDLER/(5279:5289): KERNEL : El cliente 7 ha enviado un paquete
[INFO] 23:29:05:92 CPUHANDLER/(5279:5289): KERNEL : El cliente 7 es una consola
[ERROR] 23:29:05:92 CPUHANDLER/(5279:5289): KERNEL : El Cliente 7 mando ANSISOP
[ERROR] 23:29:05:92 CPUHANDLER/(5279:5289): KERNEL : Consola 7 añadida a la lista
[INFO] 23:29:51:356 CPUHANDLER/(5372:5379): Server creado con exito y escuchando.
[INFO] 23:29:51:356 CPUHANDLER/(5372:5379): Server iniciado.
[INFO] 23:30:02:49 CPUHANDLER/(5372:5379): Nueva Conexion detectada, realizando handshake
[INFO] 23:30:02:49 CPUHANDLER/(5372:5379): ID Nuevo Cliente: 0.
[INFO] 23:30:02:49 CPUHANDLER/(5372:5379): Nuevo Cliente CONSOLA
[INFO] 23:30:02:49 CPUHANDLER/(5372:5379): Nuevo Cliente Consola 7 aceptado.
[INFO] 23:30:02:49 CPUHANDLER/(5372:5379): KER-CON: HANDSHAKE se devolvio handshake
[INFO] 23:30:22:767 CPUHANDLER/(5372:5379): KERNEL : El cliente 7 ha enviado un paquete
[INFO] 23:30:22:767 CPUHANDLER/(5372:5379): KERNEL : El cliente 7 es una consola
[ERROR] 23:30:22:767 CPUHANDLER/(5372:5379): KERNEL : El Cliente 7 mando ANSISOP
[ERROR] 23:30:22:767 CPUHANDLER/(5372:5379): KERNEL : Consola 7 añadida a la lista
[INFO] 23:31:36:603 CPUHANDLER/(5471:5478): Server creado con exito y escuchando.
[INFO] 23:31:36:603 CPUHANDLER/(5471:5478): Server iniciado.
[INFO] 23:31:43:869 CPUHANDLER/(5471:5478): Nueva Conexion detectada, realizando handshake
[INFO] 23:31:43:870 CPUHANDLER/(5471:5478): ID Nuevo Cliente: 0.
[INFO] 23:31:43:870 CPUHANDLER/(5471:5478): Nuevo Cliente CONSOLA
[INFO] 23:31:43:870 CPUHANDLER/(5471:5478): Nuevo Cliente Consola 7 aceptado.
[INFO] 23:31:43:870 CPUHANDLER/(5471:5478): KER-CON: HANDSHAKE se devolvio handshake
[INFO] 23:31:51:261 CPUHANDLER/(5471:5478): KERNEL : El cliente 7 ha enviado un paquete
[INFO] 23:31:51:261 CPUHANDLER/(5471:5478): KERNEL : El cliente 7 es una consola
[ERROR] 23:31:51:261 CPUHANDLER/(5471:5478): KERNEL : El Cliente 7 mando ANSISOP
[INFO] 00:23:02:460 CPUHANDLER/(6817:6822): Server creado con exito y escuchando.
[INFO] 00:23:02:460 CPUHANDLER/(6817:6822): Server iniciado.
[INFO] 12:28:41:943 CPUHANDLER/(8399:8428): Server creado con exito y escuchando.
[INFO] 12:28:43:339 CPUHANDLER/(8399:8428): Server iniciado.
[INFO] 12:31:41:449 CPUHANDLER/(8635:8643): Server creado con exito y escuchando.
[INFO] 12:31:41:449 CPUHANDLER/(8635:8643): Server iniciado.
[INFO] 12:34:21:581 CPUHANDLER/(8835:8843): Server creado con exito y escuchando.
[INFO] 12:34:21:581 CPUHANDLER/(8835:8843): Server iniciado.
[INFO] 12:36:59:813 CPUHANDLER/(9035:9043): Server creado con exito y escuchando.
[INFO] 12:36:59:813 CPUHANDLER/(9035:9043): Server iniciado.
[ERROR] 12:42:42:893 CPUHANDLER/(9246:9251): No se pudo crear el server escucha.
[ERROR] 12:42:42:893 CPUHANDLER/(9246:9251): No se pudo iniciar el server.
[INFO] 12:42:56:710 CPUHANDLER/(9296:9301): Server creado con exito y escuchando.
[INFO] 12:42:56:710 CPUHANDLER/(9296:9301): Server iniciado.
[INFO] 12:44:46:814 CPUHANDLER/(9511:9514): Server creado con exito y escuchando.
[INFO] 12:44:46:814 CPUHANDLER/(9511:9514): Server iniciado.
[INFO] 12:45:27:934 CPUHANDLER/(9660:9662): Server creado con exito y escuchando.
[INFO] 12:45:27:934 CPUHANDLER/(9660:9662): Server iniciado.
[INFO] 12:45:36:298 CPUHANDLER/(9660:9662): Nueva Conexion detectada, realizando handshake
[INFO] 12:45:36:298 CPUHANDLER/(9660:9662): ID Nuevo Cliente: 0.
[INFO] 12:45:36:299 CPUHANDLER/(9660:9662): Nuevo Cliente CONSOLA
[INFO] 12:45:36:299 CPUHANDLER/(9660:9662): Nuevo Cliente Consola 7 aceptado.
[INFO] 12:45:36:299 CPUHANDLER/(9660:9662): KER-CON: HANDSHAKE se devolvio handshake
[INFO] 12:45:41:830 CPUHANDLER/(9660:9662): KERNEL : Se cayo el cliente 7
[INFO] 12:45:41:830 CPUHANDLER/(9660:9662): KERNEL : Se elimina el cliente 7 de la bolsa de descriptores
[INFO] 12:45:41:830 CPUHANDLER/(9660:9662): KERNEL : Se elimina el descriptor 7 para ese cliente
[INFO] 12:47:35:885 CPUHANDLER/(9869:9873): Server creado con exito y escuchando.
[INFO] 12:47:35:885 CPUHANDLER/(9869:9873): Server iniciado.
[INFO] 12:47:43:480 CPUHANDLER/(9869:9873): Nueva Conexion detectada, realizando handshake
[INFO] 12:47:43:481 CPUHANDLER/(9869:9873): ID Nuevo Cliente: 0.
[INFO] 12:47:43:481 CPUHANDLER/(9869:9873): Nuevo Cliente CONSOLA
[INFO] 12:47:43:481 CPUHANDLER/(9869:9873): Nuevo Cliente Consola 7 aceptado.
[INFO] 12:47:43:481 CPUHANDLER/(9869:9873): KER-CON: HANDSHAKE se devolvio handshake
[INFO] 12:47:44:960 CPUHANDLER/(9869:9873): KERNEL : Se cayo el cliente 7
[INFO] 12:47:44:960 CPUHANDLER/(9869:9873): KERNEL : Se elimina el cliente 7 de la bolsa de descriptores
[INFO] 12:47:44:960 CPUHANDLER/(9869:9873): KERNEL : Se elimina el descriptor 7 para ese cliente
[INFO] 12:49:34:237 CPUHANDLER/(10114:10122): Server creado con exito y escuchando.
[INFO] 12:49:34:237 CPUHANDLER/(10114:10122): Server iniciado.
[INFO] 12:49:42:643 CPUHANDLER/(10114:10122): Nueva Conexion detectada, realizando handshake
[INFO] 12:49:42:643 CPUHANDLER/(10114:10122): ID Nuevo Cliente: 0.
[INFO] 12:49:42:643 CPUHANDLER/(10114:10122): Nuevo Cliente CONSOLA
[INFO] 12:49:42:643 CPUHANDLER/(10114:10122): Nuevo Cliente Consola 9 aceptado.
[INFO] 12:49:42:643 CPUHANDLER/(10114:10122): KER-CON: HANDSHAKE se devolvio handshake
[INFO] 12:51:27:487 CPUHANDLER/(10114:10122): KERNEL : Se cayo el cliente 9
[INFO] 12:51:27:487 CPUHANDLER/(10114:10122): KERNEL : Se elimina el cliente 9 de la bolsa de descriptores
[INFO] 12:51:27:487 CPUHANDLER/(10114:10122): KERNEL : Se elimina el descriptor 9 para ese cliente
[INFO] 12:52:32:916 CPUHANDLER/(10296:10304): Server creado con exito y escuchando.
[INFO] 12:52:32:916 CPUHANDLER/(10296:10304): Server iniciado.
[INFO] 12:52:53:265 CPUHANDLER/(10296:10304): Nueva Conexion detectada, realizando handshake
[INFO] 12:52:53:265 CPUHANDLER/(10296:10304): ID Nuevo Cliente: 0.
[INFO] 12:52:53:265 CPUHANDLER/(10296:10304): Nuevo Cliente CONSOLA
[INFO] 12:52:53:265 CPUHANDLER/(10296:10304): Nuevo Cliente Consola 9 aceptado.
[INFO] 12:52:53:265 CPUHANDLER/(10296:10304): KER-CON: HANDSHAKE se devolvio handshake
[INFO] 12:53:05:536 CPUHANDLER/(10296:10304): KERNEL : El cliente 9 ha enviado un paquete
[INFO] 12:53:05:536 CPUHANDLER/(10296:10304): KERNEL : El cliente 9 es una consola
[ERROR] 12:53:05:536 CPUHANDLER/(10296:10304): KERNEL : El Cliente 9 mando ANSISOP
[ERROR] 12:53:05:536 CPUHANDLER/(10296:10304): No se pudo inicializar programa 1
[ERROR] 12:53:05:536 CPUHANDLER/(10296:10304): KERNEL : Consola 9 añadida a la lista
[INFO] 12:54:38:662 CPUHANDLER/(10296:10304): KERNEL : Se cayo el cliente 9
[INFO] 12:54:38:662 CPUHANDLER/(10296:10304): KERNEL : Se elimina el cliente 9 de la bolsa de descriptores
[INFO] 12:54:38:663 CPUHANDLER/(10296:10304): KERNEL : Se elimina el descriptor 9 para ese cliente
[INFO] 12:54:45:785 CPUHANDLER/(10296:10304): Nueva Conexion detectada, realizando handshake
[INFO] 12:54:45:786 CPUHANDLER/(10296:10304): ID Nuevo Cliente: 0.
[INFO] 12:54:45:786 CPUHANDLER/(10296:10304): Nuevo Cliente CONSOLA
[INFO] 12:54:45:786 CPUHANDLER/(10296:10304): Nuevo Cliente Consola 9 aceptado.
[INFO] 12:54:45:786 CPUHANDLER/(10296:10304): KER-CON: HANDSHAKE se devolvio handshake
[INFO] 12:54:54:257 CPUHANDLER/(10296:10304): KERNEL : El cliente 9 ha enviado un paquete
[INFO] 12:54:54:257 CPUHANDLER/(10296:10304): KERNEL : El cliente 9 es una consola
[ERROR] 12:54:54:257 CPUHANDLER/(10296:10304): KERNEL : El Cliente 9 mando ANSISOP
[ERROR] 12:54:54:257 CPUHANDLER/(10296:10304): No se pudo inicializar programa 2
[ERROR] 12:54:54:257 CPUHANDLER/(10296:10304): KERNEL : Consola 9 añadida a la lista
[INFO] 12:55:42:998 CPUHANDLER/(10592:10600): Server creado con exito y escuchando.
[INFO] 12:55:42:998 CPUHANDLER/(10592:10600): Server iniciado.
[INFO] 12:56:12:206 CPUHANDLER/(10592:10600): Nueva Conexion detectada, realizando handshake
[INFO] 12:56:12:206 CPUHANDLER/(10592:10600): ID Nuevo Cliente: 0.
[INFO] 12:56:12:206 CPUHANDLER/(10592:10600): Nuevo Cliente CONSOLA
[INFO] 12:56:12:206 CPUHANDLER/(10592:10600): Nuevo Cliente Consola 9 aceptado.
[INFO] 12:56:12:206 CPUHANDLER/(10592:10600): KER-CON: HANDSHAKE se devolvio handshake
[INFO] 12:56:18:922 CPUHANDLER/(10592:10600): KERNEL : El cliente 9 ha enviado un paquete
[INFO] 12:56:18:922 CPUHANDLER/(10592:10600): KERNEL : El cliente 9 es una consola
[ERROR] 12:56:18:922 CPUHANDLER/(10592:10600): KERNEL : El Cliente 9 mando ANSISOP
[INFO] 12:56:18:922 CPUHANDLER/(10592:10600): Se inicializo el programa 1
[ERROR] 12:56:18:922 CPUHANDLER/(10592:10600): KERNEL : Consola 9 añadida a la lista
[INFO] 13:01:22:357 CPUHANDLER/(10857:10865): Server creado con exito y escuchando.
[INFO] 13:01:22:357 CPUHANDLER/(10857:10865): Server iniciado.
[INFO] 13:01:43:704 CPUHANDLER/(10857:10865): Nueva Conexion detectada, realizando handshake
[INFO] 13:01:43:705 CPUHANDLER/(10857:10865): ID Nuevo Cliente: 0.
[INFO] 13:01:43:705 CPUHANDLER/(10857:10865): Nuevo Cliente CONSOLA
[INFO] 13:01:43:705 CPUHANDLER/(10857:10865): Nuevo Cliente Consola 9 aceptado.
[INFO] 13:01:43:705 CPUHANDLER/(10857:10865): KER-CON: HANDSHAKE se devolvio handshake
[INFO] 13:01:50:894 CPUHANDLER/(10857:10865): KERNEL : El cliente 9 ha enviado un paquete
[INFO] 13:01:50:894 CPUHANDLER/(10857:10865): KERNEL : El cliente 9 es una consola
[ERROR] 13:01:50:894 CPUHANDLER/(10857:10865): KERNEL : El Cliente 9 mando ANSISOP
[INFO] 13:01:50:894 CPUHANDLER/(10857:10865): Se inicializo el programa 1
[ERROR] 13:01:50:894 CPUHANDLER/(10857:10865): KERNEL : Consola 9 añadida a la lista
[INFO] 13:11:40:310 CPUHANDLER/(11078:11086): Server creado con exito y escuchando.
[INFO] 13:11:40:310 CPUHANDLER/(11078:11086): Server iniciado.
[INFO] 13:13:59:241 CPUHANDLER/(11432:11440): Server creado con exito y escuchando.
[INFO] 13:13:59:241 CPUHANDLER/(11432:11440): Server iniciado.
[INFO] 13:18:05:200 CPUHANDLER/(11432:11440): Nueva Conexion detectada, realizando handshake
[INFO] 13:18:30:651 CPUHANDLER/(11432:11440): ID Nuevo Cliente: 2.
[INFO] 13:18:30:652 CPUHANDLER/(11432:11440): Nuevo Cliente CPU
[INFO] 13:18:30:652 CPUHANDLER/(11432:11440): KER-CPU: HANDSHAKE recibido
[INFO] 13:18:30:652 CPUHANDLER/(11432:11440): KER-CPU: HANDSHAKE enviado
[INFO] 13:21:35:290 CPUHANDLER/(11432:11440): KERNEL : Se cayo el cliente 9
[INFO] 13:21:35:290 CPUHANDLER/(11432:11440): KERNEL : Se elimina el cliente 9 de la bolsa de descriptores
[INFO] 13:21:35:290 CPUHANDLER/(11432:11440): KERNEL : Se elimina el descriptor 9 para ese cliente
[INFO] 13:22:57:575 CPUHANDLER/(12289:12299): Server creado con exito y escuchando.
[INFO] 13:22:57:575 CPUHANDLER/(12289:12299): Server iniciado.
[INFO] 13:23:14:226 CPUHANDLER/(12289:12299): Nueva Conexion detectada, realizando handshake
[INFO] 13:23:14:226 CPUHANDLER/(12289:12299): ID Nuevo Cliente: 2.
[INFO] 13:23:14:226 CPUHANDLER/(12289:12299): Nuevo Cliente CPU
[INFO] 13:23:14:226 CPUHANDLER/(12289:12299): KER-CPU: HANDSHAKE recibido
[INFO] 13:23:14:226 CPUHANDLER/(12289:12299): KER-CPU: HANDSHAKE enviado
[INFO] 13:24:19:705 CPUHANDLER/(12289:12299): KERNEL : Se cayo el cliente 9
[INFO] 13:24:19:705 CPUHANDLER/(12289:12299): KERNEL : Se elimina el cliente 9 de la bolsa de descriptores
[INFO] 13:24:19:705 CPUHANDLER/(12289:12299): KERNEL : Se elimina el descriptor 9 para ese cliente
[INFO] 13:54:01:435 CPUHANDLER/(14581:14589): Server creado con exito y escuchando.
[INFO] 13:54:01:435 CPUHANDLER/(14581:14589): Server iniciado.
[INFO] 23:28:03:659 CPUHANDLER/(11355:11366): Server creado con exito y escuchando.
[INFO] 23:28:03:659 CPUHANDLER/(11355:11366): Server iniciado.
[INFO] 23:30:03:369 CPUHANDLER/(11676:11684): Server creado con exito y escuchando.
[INFO] 23:30:03:369 CPUHANDLER/(11676:11684): Server iniciado.
[INFO] 23:30:12:995 CPUHANDLER/(11676:11684): Nueva Conexion detectada, realizando handshake
[INFO] 23:30:12:995 CPUHANDLER/(11676:11684): ID Nuevo Cliente: 2.
[INFO] 23:30:12:995 CPUHANDLER/(11676:11684): Nuevo Cliente CPU
[INFO] 23:30:12:995 CPUHANDLER/(11676:11684): KER-CPU: HANDSHAKE recibido
[INFO] 23:30:12:995 CPUHANDLER/(11676:11684): KER-CPU: HANDSHAKE enviado
[INFO] 23:34:51:346 CPUHANDLER/(11676:11684): KERNEL : Se cayo el cliente 9
[INFO] 23:34:51:346 CPUHANDLER/(11676:11684): KERNEL : Se elimina el cliente 9 de la bolsa de descriptores
[INFO] 23:34:51:346 CPUHANDLER/(11676:11684): KERNEL : Se elimina el descriptor 9 para ese cliente
[INFO] 23:35:26:143 CPUHANDLER/(11935:11943): Server creado con exito y escuchando.
[INFO] 23:35:26:143 CPUHANDLER/(11935:11943): Server iniciado.
[INFO] 23:35:43:724 CPUHANDLER/(11935:11943): Nueva Conexion detectada, realizando handshake
[INFO] 23:35:43:724 CPUHANDLER/(11935:11943): ID Nuevo Cliente: 2.
[INFO] 23:35:43:724 CPUHANDLER/(11935:11943): Nuevo Cliente CPU
[INFO] 23:35:43:724 CPUHANDLER/(11935:11943): KER-CPU: HANDSHAKE recibido
[INFO] 23:35:43:724 CPUHANDLER/(11935:11943): KER-CPU: HANDSHAKE enviado
