[INFO] 19:35:22:391 NUCLEO/(13062:13062): Variables inicializadas.
[INFO] 19:35:22:391 NUCLEO/(13062:13062): Se han creado los threads.
[INFO] 19:41:53:476 NUCLEO/(13418:13418): Variables inicializadas.
[INFO] 19:41:53:480 NUCLEO/(13418:13418): Se han creado los threads.
[INFO] 19:56:28:808 NUCLEO/(14085:14085): Variables inicializadas.
[INFO] 19:56:28:813 NUCLEO/(14085:14085): Se han creado los threads.
[INFO] 19:58:53:431 NUCLEO/(14342:14342): Variables inicializadas.
[INFO] 19:58:53:436 NUCLEO/(14342:14342): Se han creado los threads.
[INFO] 20:01:04:559 NUCLEO/(14608:14608): Variables inicializadas.
[INFO] 20:01:04:564 NUCLEO/(14608:14608): Se han creado los threads.
[INFO] 20:03:28:940 NUCLEO/(14869:14869): Variables inicializadas.
[INFO] 20:03:28:940 NUCLEO/(14869:14869): Se han creado los threads.
[INFO] 20:27:38:266 NUCLEO/(15318:15318): Variables inicializadas.
[INFO] 20:27:38:266 NUCLEO/(15318:15318): Se han creado los threads.
[INFO] 20:45:59:411 NUCLEO/(2887:2887): Variables inicializadas.
[INFO] 20:45:59:419 NUCLEO/(2887:2887): Se han creado los threads.
[INFO] 20:49:23:658 NUCLEO/(15839:15839): Variables inicializadas.
[INFO] 20:49:23:659 NUCLEO/(15839:15839): Se han creado los threads.
[INFO] 21:07:59:11 NUCLEO/(16977:16977): Variables inicializadas.
[INFO] 21:07:59:11 NUCLEO/(16977:16977): Se han creado los threads.
[INFO] 21:10:59:282 NUCLEO/(17305:17305): Variables inicializadas.
[INFO] 21:10:59:282 NUCLEO/(17305:17305): Se han creado los threads.
[INFO] 21:20:42:395 NUCLEO/(17710:17710): Variables inicializadas.
[INFO] 21:20:42:396 NUCLEO/(17710:17710): Se han creado los threads.
[INFO] 21:24:21:884 NUCLEO/(18021:18021): Variables inicializadas.
[INFO] 21:24:21:884 NUCLEO/(18021:18021): Se han creado los threads.
[INFO] 21:49:31:867 NUCLEO/(18441:18441): Variables inicializadas.
[INFO] 21:49:31:868 NUCLEO/(18441:18441): Se han creado los threads.
[INFO] 00:34:02:377 NUCLEO/(19768:19768): Variables inicializadas.
[INFO] 00:34:02:377 NUCLEO/(19768:19768): Se han creado los threads.
[INFO] 00:34:18:626 NUCLEO/(19813:19813): Variables inicializadas.
[INFO] 00:34:18:626 NUCLEO/(19813:19813): Se han creado los threads.
[INFO] 00:34:55:683 NUCLEO/(19947:19947): Variables inicializadas.
[INFO] 00:34:55:683 NUCLEO/(19947:19947): Se han creado los threads.
[INFO] 00:39:10:46 NUCLEO/(20265:20265): Variables inicializadas.
[INFO] 00:39:10:46 NUCLEO/(20265:20265): Se han creado los threads.
[INFO] 00:41:53:273 NUCLEO/(20557:20557): Variables inicializadas.
[INFO] 00:41:53:273 NUCLEO/(20557:20557): Se han creado los threads.
[INFO] 01:10:35:623 NUCLEO/(22826:22826): Variables inicializadas.
[INFO] 01:10:35:624 NUCLEO/(22826:22826): Se han creado los threads.
[INFO] 01:10:35:624 NUCLEO/(22826:22833): Server creado con exito y escuchando.
[INFO] 01:10:35:624 NUCLEO/(22826:22833): Server iniciado.
[INFO] 01:10:45:539 NUCLEO/(22826:22833): Nueva Conexion detectada, realizando handshake
[INFO] 01:10:45:540 NUCLEO/(22826:22833): ID Nuevo Cliente: 0.
[INFO] 01:10:45:540 NUCLEO/(22826:22833): Nuevo Cliente CONSOLA
[INFO] 01:10:45:540 NUCLEO/(22826:22833): Nuevo Cliente Consola 10 aceptado.
[INFO] 01:10:45:540 NUCLEO/(22826:22833): KER-CON: HANDSHAKE se devolvio handshake
[INFO] 01:10:55:72 NUCLEO/(22826:22833): KERNEL : El cliente 10 ha enviado un paquete
[INFO] 01:10:55:73 NUCLEO/(22826:22833): KERNEL : El cliente 10 es una consola
[ERROR] 01:10:55:73 NUCLEO/(22826:22833): KERNEL : El Cliente 10 mando ANSISOP
[INFO] 01:10:55:73 NUCLEO/(22826:22833): Se inicializo el programa 1
[ERROR] 01:10:55:73 NUCLEO/(22826:22833): KERNEL : Consola 10 añadida a la lista
[INFO] 01:11:18:360 NUCLEO/(22826:22833): Nueva Conexion detectada, realizando handshake
[INFO] 01:11:18:360 NUCLEO/(22826:22833): ID Nuevo Cliente: 2.
[INFO] 01:11:18:360 NUCLEO/(22826:22833): Nuevo Cliente CPU
[INFO] 01:11:18:360 NUCLEO/(22826:22833): KER-CPU: HANDSHAKE recibido
[INFO] 01:11:18:361 NUCLEO/(22826:22833): KER-CPU: HANDSHAKE enviado
[INFO] 01:11:26:363 NUCLEO/(22826:22833): KERNEL : El cliente 11 ha enviado un paquete
[INFO] 01:11:26:363 NUCLEO/(22826:22833): KERNEL : El cliente 11 es un CPU
[INFO] 01:11:26:363 NUCLEO/(22826:22833): KERNEL : CPU 11 ha enviado RECIBIR_NUEVO_PROGRAMA
