[INFO] 19:35:06:224 SWAP/(12971:12971): Valores del archivo de configuracion seteados
[INFO] 19:35:06:233 SWAP/(12971:12971): Archivo de particion creado
[INFO] 19:35:06:233 SWAP/(12971:12971): Server creado y escuchando correctamente
[INFO] 19:36:42:243 SWAP/(12971:12971): Hay espacio
[INFO] 19:36:42:243 SWAP/(12971:12971): Espacio reservado correctamente
[ERROR] 19:39:55:600 SWAP/(12971:12971): Al recibir del cliente
[INFO] 19:41:26:753 SWAP/(13328:13328): Valores del archivo de configuracion seteados
[INFO] 19:41:26:759 SWAP/(13328:13328): Archivo de particion creado
[INFO] 19:41:26:759 SWAP/(13328:13328): Server creado y escuchando correctamente
[INFO] 19:43:42:572 SWAP/(13328:13328): Hay espacio
[INFO] 19:43:42:572 SWAP/(13328:13328): Espacio reservado correctamente
[INFO] 19:50:45:275 SWAP/(13328:13328): Hay espacio
[INFO] 19:50:45:275 SWAP/(13328:13328): Espacio reservado correctamente
[ERROR] 19:55:08:990 SWAP/(13328:13328): Al recibir del cliente
[INFO] 19:55:36:178 SWAP/(13901:13901): Valores del archivo de configuracion seteados
[INFO] 19:55:36:185 SWAP/(13901:13901): Archivo de particion creado
[INFO] 19:55:36:185 SWAP/(13901:13901): Server creado y escuchando correctamente
[ERROR] 19:58:21:540 SWAP/(13901:13901): Al recibir del cliente
[INFO] 19:58:28:188 SWAP/(14236:14236): Valores del archivo de configuracion seteados
[INFO] 19:58:28:199 SWAP/(14236:14236): Archivo de particion creado
[INFO] 19:58:28:199 SWAP/(14236:14236): Server creado y escuchando correctamente
[ERROR] 20:00:41:445 SWAP/(14236:14236): Al recibir del cliente
[INFO] 20:00:47:173 SWAP/(14500:14500): Valores del archivo de configuracion seteados
[INFO] 20:00:47:193 SWAP/(14500:14500): Archivo de particion creado
[INFO] 20:00:47:193 SWAP/(14500:14500): Server creado y escuchando correctamente
[ERROR] 20:03:08:552 SWAP/(14500:14500): Al recibir del cliente
[INFO] 20:03:14:234 SWAP/(14763:14763): Valores del archivo de configuracion seteados
[INFO] 20:03:14:251 SWAP/(14763:14763): Archivo de particion creado
[INFO] 20:03:14:251 SWAP/(14763:14763): Server creado y escuchando correctamente
[INFO] 20:03:36:50 SWAP/(14763:14763): Hay espacio
[INFO] 20:03:36:50 SWAP/(14763:14763): Espacio reservado correctamente
[ERROR] 20:26:39:196 SWAP/(14763:14763): Al recibir del cliente
[INFO] 20:27:17:988 SWAP/(15227:15227): Valores del archivo de configuracion seteados
[INFO] 20:27:18:33 SWAP/(15227:15227): Archivo de particion creado
[INFO] 20:27:18:33 SWAP/(15227:15227): Server creado y escuchando correctamente
[INFO] 20:29:04:250 SWAP/(15227:15227): Hay espacio
[INFO] 20:29:04:250 SWAP/(15227:15227): Espacio reservado correctamente
[INFO] 20:44:33:71 SWAP/(2591:2591): Valores del archivo de configuracion seteados
[INFO] 20:44:33:236 SWAP/(2591:2591): Archivo de particion creado
[INFO] 20:44:33:238 SWAP/(2591:2591): Server creado y escuchando correctamente
[INFO] 20:46:48:372 SWAP/(2591:2591): Hay espacio
[INFO] 20:46:48:375 SWAP/(2591:2591): Espacio reservado correctamente
[INFO] 20:49:09:701 SWAP/(15750:15750): Valores del archivo de configuracion seteados
[INFO] 20:49:09:703 SWAP/(15750:15750): Archivo de particion creado
[INFO] 20:49:09:703 SWAP/(15750:15750): Server creado y escuchando correctamente
[INFO] 20:49:39:638 SWAP/(15750:15750): Hay espacio
[INFO] 20:49:39:638 SWAP/(15750:15750): Espacio reservado correctamente
[ERROR] 20:52:04:806 SWAP/(15750:15750): Al recibir del cliente
[INFO] 20:52:16:668 SWAP/(16119:16119): Valores del archivo de configuracion seteados
[INFO] 20:52:16:676 SWAP/(16119:16119): Archivo de particion creado
[INFO] 20:52:16:676 SWAP/(16119:16119): Server creado y escuchando correctamente
[ERROR] 20:53:25:891 SWAP/(16119:16119): Al recibir del cliente
[INFO] 21:06:24:190 SWAP/(16567:16567): Valores del archivo de configuracion seteados
[INFO] 21:06:24:193 SWAP/(16567:16567): Archivo de particion creado
[INFO] 21:06:24:193 SWAP/(16567:16567): Server creado y escuchando correctamente
[ERROR] 21:07:06:624 SWAP/(16567:16567): Al recibir del cliente
[INFO] 21:07:44:521 SWAP/(16887:16887): Valores del archivo de configuracion seteados
[INFO] 21:07:44:524 SWAP/(16887:16887): Archivo de particion creado
[INFO] 21:07:44:524 SWAP/(16887:16887): Server creado y escuchando correctamente
[INFO] 21:09:11:300 SWAP/(16887:16887): Hay espacio
[INFO] 21:09:11:300 SWAP/(16887:16887): Espacio reservado correctamente
[ERROR] 21:10:36:901 SWAP/(16887:16887): Al recibir del cliente
[INFO] 21:10:44:142 SWAP/(17216:17216): Valores del archivo de configuracion seteados
[INFO] 21:10:44:151 SWAP/(17216:17216): Archivo de particion creado
[INFO] 21:10:44:151 SWAP/(17216:17216): Server creado y escuchando correctamente
[INFO] 21:11:12:73 SWAP/(17216:17216): Hay espacio
[INFO] 21:11:12:74 SWAP/(17216:17216): Espacio reservado correctamente
[ERROR] 21:19:01:768 SWAP/(17216:17216): Al recibir del cliente
[INFO] 21:19:35:585 SWAP/(17621:17621): Valores del archivo de configuracion seteados
[INFO] 21:19:35:599 SWAP/(17621:17621): Archivo de particion creado
[INFO] 21:19:35:600 SWAP/(17621:17621): Server creado y escuchando correctamente
[INFO] 21:22:35:400 SWAP/(17621:17621): Hay espacio
[INFO] 21:22:35:400 SWAP/(17621:17621): Espacio reservado correctamente
[ERROR] 21:23:50:619 SWAP/(17621:17621): Al recibir del cliente
[INFO] 21:23:59:307 SWAP/(17932:17932): Valores del archivo de configuracion seteados
[INFO] 21:23:59:314 SWAP/(17932:17932): Archivo de particion creado
[INFO] 21:23:59:314 SWAP/(17932:17932): Server creado y escuchando correctamente
[INFO] 21:24:50:747 SWAP/(17932:17932): Hay espacio
[INFO] 21:24:50:747 SWAP/(17932:17932): Espacio reservado correctamente
[ERROR] 21:38:49:600 SWAP/(17932:17932): Al recibir del cliente
[INFO] 21:46:17:396 SWAP/(18350:18350): Valores del archivo de configuracion seteados
[INFO] 21:46:17:402 SWAP/(18350:18350): Archivo de particion creado
[INFO] 21:46:17:402 SWAP/(18350:18350): Server creado y escuchando correctamente
[INFO] 21:50:18:253 SWAP/(18350:18350): Hay espacio
[INFO] 21:50:18:253 SWAP/(18350:18350): Espacio reservado correctamente
[ERROR] 22:55:10:48 SWAP/(18350:18350): Al recibir del cliente
[INFO] 00:33:38:566 SWAP/(19680:19680): Valores del archivo de configuracion seteados
[INFO] 00:33:38:575 SWAP/(19680:19680): Archivo de particion creado
[INFO] 00:33:38:575 SWAP/(19680:19680): Server creado y escuchando correctamente
[ERROR] 00:34:30:109 SWAP/(19680:19680): Al recibir del cliente
[INFO] 00:34:38:179 SWAP/(19860:19860): Valores del archivo de configuracion seteados
[INFO] 00:34:38:187 SWAP/(19860:19860): Archivo de particion creado
[INFO] 00:34:38:187 SWAP/(19860:19860): Server creado y escuchando correctamente
[INFO] 00:35:35:343 SWAP/(19860:19860): Hay espacio
[INFO] 00:35:35:343 SWAP/(19860:19860): Espacio reservado correctamente
[ERROR] 00:38:01:809 SWAP/(19860:19860): Al recibir del cliente
[INFO] 00:38:09:279 SWAP/(20176:20176): Valores del archivo de configuracion seteados
[INFO] 00:38:09:292 SWAP/(20176:20176): Archivo de particion creado
[INFO] 00:38:09:292 SWAP/(20176:20176): Server creado y escuchando correctamente
[INFO] 00:39:33:731 SWAP/(20176:20176): Hay espacio
[INFO] 00:39:33:731 SWAP/(20176:20176): Espacio reservado correctamente
[ERROR] 00:41:35:674 SWAP/(20176:20176): Al recibir del cliente
[INFO] 00:41:40:414 SWAP/(20468:20468): Valores del archivo de configuracion seteados
[INFO] 00:41:40:423 SWAP/(20468:20468): Archivo de particion creado
[INFO] 00:41:40:423 SWAP/(20468:20468): Server creado y escuchando correctamente
[INFO] 00:42:05:847 SWAP/(20468:20468): Hay espacio
[INFO] 00:42:05:848 SWAP/(20468:20468): Espacio reservado correctamente
[INFO] 01:10:06:190 SWAP/(22650:22650): Valores del archivo de configuracion seteados
[INFO] 01:10:06:201 SWAP/(22650:22650): Archivo de particion creado
[INFO] 01:10:06:201 SWAP/(22650:22650): Server creado y escuchando correctamente
[INFO] 01:10:55:73 SWAP/(22650:22650): Hay espacio
[INFO] 01:10:55:73 SWAP/(22650:22650): Espacio reservado correctamente
[ERROR] 01:27:48:277 SWAP/(22650:22650): Al recibir del cliente
[INFO] 01:27:56:263 SWAP/(23302:23302): Valores del archivo de configuracion seteados
[INFO] 01:27:56:278 SWAP/(23302:23302): Archivo de particion creado
[INFO] 01:27:56:278 SWAP/(23302:23302): Server creado y escuchando correctamente
[INFO] 01:28:35:532 SWAP/(23302:23302): Hay espacio
[INFO] 01:28:35:532 SWAP/(23302:23302): Espacio reservado correctamente
[ERROR] 01:31:53:905 SWAP/(23302:23302): Al recibir del cliente
[INFO] 01:32:09:541 SWAP/(23614:23614): Valores del archivo de configuracion seteados
[INFO] 01:32:09:561 SWAP/(23614:23614): Archivo de particion creado
[INFO] 01:32:09:561 SWAP/(23614:23614): Server creado y escuchando correctamente
[INFO] 01:32:40:372 SWAP/(23614:23614): Hay espacio
[INFO] 01:32:40:372 SWAP/(23614:23614): Espacio reservado correctamente
[ERROR] 01:35:05:342 SWAP/(23614:23614): Al recibir del cliente
[INFO] 01:35:14:999 SWAP/(23872:23872): Valores del archivo de configuracion seteados
[INFO] 01:35:14:3 SWAP/(23872:23872): Archivo de particion creado
[INFO] 01:35:14:3 SWAP/(23872:23872): Server creado y escuchando correctamente
[ERROR] 01:41:52:300 SWAP/(23872:23872): Al recibir del cliente
[INFO] 01:42:24:952 SWAP/(24109:24109): Valores del archivo de configuracion seteados
[INFO] 01:42:24:963 SWAP/(24109:24109): Archivo de particion creado
[INFO] 01:42:24:963 SWAP/(24109:24109): Server creado y escuchando correctamente
[INFO] 01:42:53:610 SWAP/(24198:24198): Valores del archivo de configuracion seteados
[INFO] 01:42:53:612 SWAP/(24198:24198): Archivo de particion creado
[INFO] 01:42:53:613 SWAP/(24198:24198): Server creado y escuchando correctamente
[ERROR] 01:43:01:271 SWAP/(24198:24198): Al recibir del cliente
[INFO] 01:43:12:810 SWAP/(24289:24289): Valores del archivo de configuracion seteados
[INFO] 01:43:12:824 SWAP/(24289:24289): Archivo de particion creado
[INFO] 01:43:12:824 SWAP/(24289:24289): Server creado y escuchando correctamente
[ERROR] 01:43:56:343 SWAP/(24289:24289): Al recibir del cliente
[INFO] 01:44:01:499 SWAP/(24514:24514): Valores del archivo de configuracion seteados
[INFO] 01:44:01:510 SWAP/(24514:24514): Archivo de particion creado
[INFO] 01:44:01:510 SWAP/(24514:24514): Server creado y escuchando correctamente
[INFO] 01:45:02:577 SWAP/(24514:24514): Hay espacio
[INFO] 01:45:02:577 SWAP/(24514:24514): Espacio reservado correctamente
[ERROR] 01:48:14:134 SWAP/(24514:24514): Al recibir del cliente
[INFO] 01:48:55:539 SWAP/(24771:24771): Valores del archivo de configuracion seteados
[INFO] 01:48:55:546 SWAP/(24771:24771): Archivo de particion creado
[INFO] 01:48:55:546 SWAP/(24771:24771): Server creado y escuchando correctamente
[ERROR] 01:49:04:568 SWAP/(24771:24771): Al recibir del cliente
[INFO] 01:49:11:629 SWAP/(24861:24861): Valores del archivo de configuracion seteados
[INFO] 01:49:11:645 SWAP/(24861:24861): Archivo de particion creado
[INFO] 01:49:11:645 SWAP/(24861:24861): Server creado y escuchando correctamente
[INFO] 01:50:04:916 SWAP/(24861:24861): Hay espacio
[INFO] 01:50:04:916 SWAP/(24861:24861): Espacio reservado correctamente
[ERROR] 01:52:33:751 SWAP/(24861:24861): Al recibir del cliente
[INFO] 01:52:50:323 SWAP/(25111:25111): Valores del archivo de configuracion seteados
[INFO] 01:52:50:337 SWAP/(25111:25111): Archivo de particion creado
[INFO] 01:52:50:338 SWAP/(25111:25111): Server creado y escuchando correctamente
[INFO] 01:54:10:874 SWAP/(25111:25111): Hay espacio
[INFO] 01:54:10:874 SWAP/(25111:25111): Espacio reservado correctamente
[ERROR] 02:09:05:435 SWAP/(25111:25111): Al recibir del cliente
[INFO] 02:10:13:479 SWAP/(25634:25634): Valores del archivo de configuracion seteados
[INFO] 02:10:13:493 SWAP/(25634:25634): Archivo de particion creado
[INFO] 02:10:13:493 SWAP/(25634:25634): Server creado y escuchando correctamente
[INFO] 02:10:50:821 SWAP/(25634:25634): Hay espacio
[INFO] 02:10:50:821 SWAP/(25634:25634): Espacio reservado correctamente
[ERROR] 02:13:28:141 SWAP/(25634:25634): Al recibir del cliente
[INFO] 02:13:34:436 SWAP/(25909:25909): Valores del archivo de configuracion seteados
[INFO] 02:13:34:456 SWAP/(25909:25909): Archivo de particion creado
[INFO] 02:13:34:456 SWAP/(25909:25909): Server creado y escuchando correctamente
[ERROR] 02:13:40:83 SWAP/(25909:25909): Al recibir del cliente
[INFO] 02:13:48:975 SWAP/(26001:26001): Valores del archivo de configuracion seteados
[INFO] 02:13:48:981 SWAP/(26001:26001): Archivo de particion creado
[INFO] 02:13:48:981 SWAP/(26001:26001): Server creado y escuchando correctamente
[INFO] 02:15:00:488 SWAP/(26001:26001): Hay espacio
[INFO] 02:15:00:488 SWAP/(26001:26001): Espacio reservado correctamente
[ERROR] 02:20:09:812 SWAP/(26001:26001): Al recibir del cliente
[INFO] 02:21:17:446 SWAP/(26302:26302): Valores del archivo de configuracion seteados
[INFO] 02:21:17:451 SWAP/(26302:26302): Archivo de particion creado
[INFO] 02:21:17:451 SWAP/(26302:26302): Server creado y escuchando correctamente
[INFO] 02:22:22:122 SWAP/(26302:26302): Hay espacio
[INFO] 02:22:22:123 SWAP/(26302:26302): Espacio reservado correctamente
[ERROR] 02:24:27:107 SWAP/(26302:26302): Al recibir del cliente
[INFO] 02:24:32:982 SWAP/(26565:26565): Valores del archivo de configuracion seteados
[INFO] 02:24:32:990 SWAP/(26565:26565): Archivo de particion creado
[INFO] 02:24:32:990 SWAP/(26565:26565): Server creado y escuchando correctamente
[INFO] 02:25:11:117 SWAP/(26565:26565): Hay espacio
[INFO] 02:25:11:117 SWAP/(26565:26565): Espacio reservado correctamente
[ERROR] 02:26:44:170 SWAP/(26565:26565): Al recibir del cliente
[INFO] 02:27:07:216 SWAP/(26829:26829): Valores del archivo de configuracion seteados
[INFO] 02:27:07:235 SWAP/(26829:26829): Archivo de particion creado
[INFO] 02:27:07:235 SWAP/(26829:26829): Server creado y escuchando correctamente
[INFO] 02:28:08:221 SWAP/(26829:26829): Hay espacio
[INFO] 02:28:08:221 SWAP/(26829:26829): Espacio reservado correctamente
[ERROR] 02:29:27:578 SWAP/(26829:26829): Al recibir del cliente
[INFO] 02:30:32:612 SWAP/(27151:27151): Valores del archivo de configuracion seteados
[INFO] 02:30:32:623 SWAP/(27151:27151): Archivo de particion creado
[INFO] 02:30:32:623 SWAP/(27151:27151): Server creado y escuchando correctamente
[INFO] 02:31:50:17 SWAP/(27151:27151): Hay espacio
[INFO] 02:31:50:17 SWAP/(27151:27151): Espacio reservado correctamente
[ERROR] 02:32:47:593 SWAP/(27151:27151): Al recibir del cliente
[INFO] 02:33:38:921 SWAP/(27401:27401): Valores del archivo de configuracion seteados
[INFO] 02:33:38:928 SWAP/(27401:27401): Archivo de particion creado
[INFO] 02:33:38:928 SWAP/(27401:27401): Server creado y escuchando correctamente
[INFO] 02:34:12:409 SWAP/(27401:27401): Hay espacio
[INFO] 02:34:12:409 SWAP/(27401:27401): Espacio reservado correctamente
[ERROR] 02:35:14:213 SWAP/(27401:27401): Al recibir del cliente
[INFO] 02:42:03:521 SWAP/(27711:27711): Valores del archivo de configuracion seteados
[INFO] 02:42:03:536 SWAP/(27711:27711): Archivo de particion creado
[INFO] 02:42:03:536 SWAP/(27711:27711): Server creado y escuchando correctamente
[INFO] 02:43:04:960 SWAP/(27711:27711): Hay espacio
[INFO] 02:43:04:960 SWAP/(27711:27711): Espacio reservado correctamente
[ERROR] 02:44:45:25 SWAP/(27711:27711): Al recibir del cliente
[INFO] 02:45:13:131 SWAP/(28009:28009): Valores del archivo de configuracion seteados
[INFO] 02:45:13:163 SWAP/(28009:28009): Archivo de particion creado
[INFO] 02:45:13:163 SWAP/(28009:28009): Server creado y escuchando correctamente
[INFO] 02:45:59:294 SWAP/(28009:28009): Hay espacio
[INFO] 02:45:59:294 SWAP/(28009:28009): Espacio reservado correctamente
[ERROR] 02:50:36:102 SWAP/(28009:28009): Al recibir del cliente
[INFO] 02:50:50:175 SWAP/(28270:28270): Valores del archivo de configuracion seteados
[INFO] 02:50:50:195 SWAP/(28270:28270): Archivo de particion creado
[INFO] 02:50:50:195 SWAP/(28270:28270): Server creado y escuchando correctamente
[INFO] 02:51:02:990 SWAP/(28315:28315): Valores del archivo de configuracion seteados
[INFO] 02:51:02:996 SWAP/(28315:28315): Archivo de particion creado
[INFO] 02:51:02:996 SWAP/(28315:28315): Server creado y escuchando correctamente
[ERROR] 02:52:36:868 SWAP/(28315:28315): Al recibir del cliente
[INFO] 02:53:17:838 SWAP/(28510:28510): Valores del archivo de configuracion seteados
[INFO] 02:53:17:863 SWAP/(28510:28510): Archivo de particion creado
[INFO] 02:53:17:864 SWAP/(28510:28510): Server creado y escuchando correctamente
[ERROR] 02:58:36:380 SWAP/(28510:28510): Al recibir del cliente
[INFO] 03:00:58:445 SWAP/(28916:28916): Valores del archivo de configuracion seteados
[INFO] 03:00:58:455 SWAP/(28916:28916): Archivo de particion creado
[INFO] 03:00:58:455 SWAP/(28916:28916): Server creado y escuchando correctamente
[INFO] 03:02:44:756 SWAP/(28916:28916): Hay espacio
[INFO] 03:02:44:757 SWAP/(28916:28916): Espacio reservado correctamente
[INFO] 03:02:44:757 SWAP/(28916:28916): Pagina esctira con exito
[INFO] 03:02:44:757 SWAP/(28916:28916): Pagina esctira con exito
[INFO] 03:02:44:757 SWAP/(28916:28916): Pagina esctira con exito
[INFO] 03:02:44:757 SWAP/(28916:28916): Pagina esctira con exito
[ERROR] 03:04:20:664 SWAP/(28916:28916): Al recibir del cliente
[INFO] 03:05:55:254 SWAP/(29299:29299): Valores del archivo de configuracion seteados
[INFO] 03:05:55:256 SWAP/(29299:29299): Archivo de particion creado
[INFO] 03:05:55:256 SWAP/(29299:29299): Server creado y escuchando correctamente
[INFO] 03:06:34:820 SWAP/(29299:29299): Hay espacio
[INFO] 03:06:34:820 SWAP/(29299:29299): Espacio reservado correctamente
[INFO] 03:06:34:820 SWAP/(29299:29299): Pagina esctira con exito
[INFO] 03:06:34:820 SWAP/(29299:29299): Pagina esctira con exito
[INFO] 03:06:34:820 SWAP/(29299:29299): Pagina esctira con exito
[INFO] 03:06:34:820 SWAP/(29299:29299): Pagina esctira con exito
[INFO] 03:08:05:277 SWAP/(29299:29299): Pagina leida correctamente: #!/usr/bin/ansisop
begin
	variables a, b
	a = 3
	b = 5
	a = b + 
[ERROR] 03:11:23:271 SWAP/(29299:29299): Al recibir del cliente
[INFO] 03:11:35:120 SWAP/(29622:29622): Valores del archivo de configuracion seteados
[INFO] 03:11:35:132 SWAP/(29622:29622): Archivo de particion creado
[INFO] 03:11:35:132 SWAP/(29622:29622): Server creado y escuchando correctamente
[INFO] 04:02:00:877 SWAP/(32697:32697): Valores del archivo de configuracion seteados
[INFO] 04:02:00:888 SWAP/(32697:32697): Archivo de particion creado
[INFO] 04:02:00:889 SWAP/(32697:32697): Server creado y escuchando correctamente
