22:53:38 **** Incremental Build of configuration Debug for project cpu ****
make all 
Building file: ../src/cpu.c
Invoking: GCC C Compiler
gcc -O0 -g3 -Wall -c -fmessage-length=0 -MMD -MP -MF"src/cpu.d" -MT"src/cpu.d" -o "src/cpu.o" "../src/cpu.c"
Finished building: ../src/cpu.c
 
Building target: cpu
Invoking: GCC C Linker
gcc  -o "cpu"  ./src/cpu.o   
/usr/bin/ld: /usr/lib/debug/usr/lib/i386-linux-gnu/crt1.o(.debug_info): la reubicación 0 tiene un índice de símbolo 11 inválido
/usr/bin/ld: /usr/lib/debug/usr/lib/i386-linux-gnu/crt1.o(.debug_info): la reubicación 1 tiene un índice de símbolo 12 inválido
/usr/bin/ld: /usr/lib/debug/usr/lib/i386-linux-gnu/crt1.o(.debug_info): la reubicación 2 tiene un índice de símbolo 2 inválido
/usr/bin/ld: /usr/lib/debug/usr/lib/i386-linux-gnu/crt1.o(.debug_info): la reubicación 3 tiene un índice de símbolo 2 inválido
/usr/bin/ld: /usr/lib/debug/usr/lib/i386-linux-gnu/crt1.o(.debug_info): la reubicación 4 tiene un índice de símbolo 11 inválido
/usr/bin/ld: /usr/lib/debug/usr/lib/i386-linux-gnu/crt1.o(.debug_info): la reubicación 5 tiene un índice de símbolo 13 inválido
/usr/bin/ld: /usr/lib/debug/usr/lib/i386-linux-gnu/crt1.o(.debug_info): la reubicación 6 tiene un índice de símbolo 13 inválido
/usr/bin/ld: /usr/lib/debug/usr/lib/i386-linux-gnu/crt1.o(.debug_info): la reubicación 7 tiene un índice de símbolo 13 inválido
/usr/bin/ld: /usr/lib/debug/usr/lib/i386-linux-gnu/crt1.o(.debug_info): la reubicación 8 tiene un índice de símbolo 12 inválido
/usr/bin/ld: /usr/lib/debug/usr/lib/i386-linux-gnu/crt1.o(.debug_info): la reubicación 9 tiene un índice de símbolo 13 inválido
/usr/bin/ld: /usr/lib/debug/usr/lib/i386-linux-gnu/crt1.o(.debug_info): la reubicación 10 tiene un índice de símbolo 13 inválido
/usr/bin/ld: /usr/lib/debug/usr/lib/i386-linux-gnu/crt1.o(.debug_info): la reubicación 11 tiene un índice de símbolo 13 inválido
/usr/bin/ld: /usr/lib/debug/usr/lib/i386-linux-gnu/crt1.o(.debug_info): la reubicación 12 tiene un índice de símbolo 13 inválido
/usr/bin/ld: /usr/lib/debug/usr/lib/i386-linux-gnu/crt1.o(.debug_info): la reubicación 13 tiene un índice de símbolo 13 inválido
/usr/bin/ld: /usr/lib/debug/usr/lib/i386-linux-gnu/crt1.o(.debug_info): la reubicación 14 tiene un índice de símbolo 13 inválido
/usr/bin/ld: /usr/lib/debug/usr/lib/i386-linux-gnu/crt1.o(.debug_info): la reubicación 15 tiene un índice de símbolo 13 inválido
/usr/bin/ld: /usr/lib/debug/usr/lib/i386-linux-gnu/crt1.o(.debug_info): la reubicación 16 tiene un índice de símbolo 13 inválido
/usr/bin/ld: /usr/lib/debug/usr/lib/i386-linux-gnu/crt1.o(.debug_info): la reubicación 17 tiene un índice de símbolo 13 inválido
/usr/bin/ld: /usr/lib/debug/usr/lib/i386-linux-gnu/crt1.o(.debug_info): la reubicación 18 tiene un índice de símbolo 13 inválido
/usr/bin/ld: /usr/lib/debug/usr/lib/i386-linux-gnu/crt1.o(.debug_info): la reubicación 19 tiene un índice de símbolo 13 inválido
/usr/bin/ld: /usr/lib/debug/usr/lib/i386-linux-gnu/crt1.o(.debug_info): la reubicación 20 tiene un índice de símbolo 13 inválido
/usr/bin/ld: /usr/lib/debug/usr/lib/i386-linux-gnu/crt1.o(.debug_info): la reubicación 21 tiene un índice de símbolo 22 inválido
/usr/bin/ld: /usr/lib/debug/usr/lib/i386-linux-gnu/crt1.o(.debug_line): la reubicación 0 tiene un índice de símbolo 2 inválido
/usr/lib/gcc/i686-linux-gnu/4.8/../../../i386-linux-gnu/crt1.o: En la función `_start':
(.text+0x18): referencia a `main' sin definir
collect2: error: ld returned 1 exit status
make: *** [cpu] Error 1

22:53:38 Build Finished (took 126ms)

