21:57:26 **** Incremental Build of configuration Debug for project commons ****
make all 
make: Atención: El archivo «commons/txt.d» tiene una hora de modificación 3e+03 en el futuro
make: No se hace nada para «all».
make: atención: Se ha detectado una desviación en el reloj. La construcción podría estar incompleta.
21:57:27 **** Incremental Build of configuration Debug for project parser ****
make all 
make: Atención: El archivo «parser/parser.d» tiene una hora de modificación 7,6e+02 en el futuro
make: No se hace nada para «all».
make: atención: Se ha detectado una desviación en el reloj. La construcción podría estar incompleta.
21:57:27 **** Incremental Build of configuration Debug for project libreriasCompartidas ****
make all 
make: Atención: El archivo «libreriasCompartidas/socket.d» tiene una hora de modificación 2,8e+03 en el futuro
make: No se hace nada para «all».
make: atención: Se ha detectado una desviación en el reloj. La construcción podría estar incompleta.
21:57:29 **** Incremental Build of configuration Debug for project nucleo ****
make all 
make: Atención: El archivo «src/mainNucleo.d» tiene una hora de modificación 3,2e+03 en el futuro
Building file: ../src/nucleo.c
Invoking: GCC C Compiler
gcc -I"/home/utnso/tp-2016-1c-Better-call-pointer/parser" -I"/home/utnso/tp-2016-1c-Better-call-pointer/libreriasCompartidas" -I"/home/utnso/tp-2016-1c-Better-call-pointer/commons" -O0 -g3 -Wall -c -fmessage-length=0 -MMD -MP -MF"src/nucleo.d" -MT"src/nucleo.d" -o "src/nucleo.o" "../src/nucleo.c"
Finished building: ../src/nucleo.c
 
Building target: nucleo
Invoking: GCC C Linker
gcc -L"/home/utnso/tp-2016-1c-Better-call-pointer/parser/Debug" -L"/home/utnso/tp-2016-1c-Better-call-pointer/libreriasCompartidas/Debug" -L"/home/utnso/tp-2016-1c-Better-call-pointer/commons/Debug" -o "nucleo"  ./src/mainNucleo.o ./src/nucleo.o   -lparser -llibreriasCompartidas -lcommons
Finished building target: nucleo
 
make: atención: Se ha detectado una desviación en el reloj. La construcción podría estar incompleta.
21:57:39 **** Incremental Build of configuration Debug for project commons ****
make all 
make: Atención: El archivo «commons/txt.d» tiene una hora de modificación 3e+03 en el futuro
make: No se hace nada para «all».
make: atención: Se ha detectado una desviación en el reloj. La construcción podría estar incompleta.
21:57:40 **** Incremental Build of configuration Debug for project parser ****
make all 
make: Atención: El archivo «parser/parser.d» tiene una hora de modificación 7,4e+02 en el futuro
make: No se hace nada para «all».
make: atención: Se ha detectado una desviación en el reloj. La construcción podría estar incompleta.
21:57:41 **** Incremental Build of configuration Debug for project parser ****
make all 
make: Atención: El archivo «parser/parser.d» tiene una hora de modificación 7,4e+02 en el futuro
make: No se hace nada para «all».
make: atención: Se ha detectado una desviación en el reloj. La construcción podría estar incompleta.
21:57:41 **** Incremental Build of configuration Debug for project commons ****
make all 
make: Atención: El archivo «commons/txt.d» tiene una hora de modificación 3e+03 en el futuro
make: No se hace nada para «all».
make: atención: Se ha detectado una desviación en el reloj. La construcción podría estar incompleta.
21:57:42 **** Incremental Build of configuration Debug for project libreriasCompartidas ****
make all 
make: Atención: El archivo «libreriasCompartidas/socket.d» tiene una hora de modificación 2,8e+03 en el futuro
make: No se hace nada para «all».
make: atención: Se ha detectado una desviación en el reloj. La construcción podría estar incompleta.
21:57:43 **** Incremental Build of configuration Debug for project parser ****
make all 
make: Atención: El archivo «parser/parser.d» tiene una hora de modificación 7,4e+02 en el futuro
make: No se hace nada para «all».
make: atención: Se ha detectado una desviación en el reloj. La construcción podría estar incompleta.
21:57:44 **** Incremental Build of configuration Debug for project commons ****
make all 
make: Atención: El archivo «commons/txt.d» tiene una hora de modificación 3e+03 en el futuro
make: No se hace nada para «all».
make: atención: Se ha detectado una desviación en el reloj. La construcción podría estar incompleta.
21:57:45 **** Incremental Build of configuration Debug for project libreriasCompartidas ****
make all 
make: Atención: El archivo «libreriasCompartidas/socket.d» tiene una hora de modificación 2,8e+03 en el futuro
make: No se hace nada para «all».
make: atención: Se ha detectado una desviación en el reloj. La construcción podría estar incompleta.
21:57:46 **** Incremental Build of configuration Debug for project nucleo ****
make all 
make: Atención: El archivo «src/mainNucleo.d» tiene una hora de modificación 3,2e+03 en el futuro
Building target: nucleo
Invoking: GCC C Linker
gcc -L"/home/utnso/tp-2016-1c-Better-call-pointer/parser/Debug" -L"/home/utnso/tp-2016-1c-Better-call-pointer/libreriasCompartidas/Debug" -L"/home/utnso/tp-2016-1c-Better-call-pointer/commons/Debug" -o "nucleo"  ./src/mainNucleo.o ./src/nucleo.o   -lparser -llibreriasCompartidas -lcommons
Finished building target: nucleo
 
make: atención: Se ha detectado una desviación en el reloj. La construcción podría estar incompleta.
22:02:04 **** Incremental Build of configuration Debug for project commons ****
make all 
make: Atención: El archivo «commons/txt.d» tiene una hora de modificación 2,7e+03 en el futuro
make: No se hace nada para «all».
make: atención: Se ha detectado una desviación en el reloj. La construcción podría estar incompleta.
22:02:04 **** Incremental Build of configuration Debug for project parser ****
make all 
make: Atención: El archivo «parser/parser.d» tiene una hora de modificación 4,8e+02 en el futuro
make: No se hace nada para «all».
make: atención: Se ha detectado una desviación en el reloj. La construcción podría estar incompleta.
22:02:05 **** Incremental Build of configuration Debug for project parser ****
make all 
make: Atención: El archivo «parser/parser.d» tiene una hora de modificación 4,8e+02 en el futuro
make: No se hace nada para «all».
make: atención: Se ha detectado una desviación en el reloj. La construcción podría estar incompleta.
22:02:06 **** Incremental Build of configuration Debug for project commons ****
make all 
make: Atención: El archivo «commons/txt.d» tiene una hora de modificación 2,7e+03 en el futuro
make: No se hace nada para «all».
make: atención: Se ha detectado una desviación en el reloj. La construcción podría estar incompleta.
22:02:07 **** Incremental Build of configuration Debug for project libreriasCompartidas ****
make all 
make: Atención: El archivo «libreriasCompartidas/socket.d» tiene una hora de modificación 2,5e+03 en el futuro
make: No se hace nada para «all».
make: atención: Se ha detectado una desviación en el reloj. La construcción podría estar incompleta.
22:02:08 **** Incremental Build of configuration Debug for project parser ****
make all 
make: Atención: El archivo «parser/parser.d» tiene una hora de modificación 4,8e+02 en el futuro
make: No se hace nada para «all».
make: atención: Se ha detectado una desviación en el reloj. La construcción podría estar incompleta.
22:02:08 **** Incremental Build of configuration Debug for project commons ****
make all 
make: Atención: El archivo «commons/txt.d» tiene una hora de modificación 2,7e+03 en el futuro
make: No se hace nada para «all».
make: atención: Se ha detectado una desviación en el reloj. La construcción podría estar incompleta.
22:02:09 **** Incremental Build of configuration Debug for project libreriasCompartidas ****
make all 
make: Atención: El archivo «libreriasCompartidas/socket.d» tiene una hora de modificación 2,5e+03 en el futuro
make: No se hace nada para «all».
make: atención: Se ha detectado una desviación en el reloj. La construcción podría estar incompleta.
22:02:10 **** Incremental Build of configuration Debug for project consola ****
make all 
make: Atención: El archivo «src/mainConsola.d» tiene una hora de modificación 2,5e+03 en el futuro
make: No se hace nada para «all».
make: atención: Se ha detectado una desviación en el reloj. La construcción podría estar incompleta.
22:03:57 **** Incremental Build of configuration Debug for project commons ****
make all 
make: Atención: El archivo «commons/txt.d» tiene una hora de modificación 2,6e+03 en el futuro
make: No se hace nada para «all».
make: atención: Se ha detectado una desviación en el reloj. La construcción podría estar incompleta.
22:03:58 **** Incremental Build of configuration Debug for project parser ****
make all 
make: Atención: El archivo «parser/parser.d» tiene una hora de modificación 3,7e+02 en el futuro
make: No se hace nada para «all».
make: atención: Se ha detectado una desviación en el reloj. La construcción podría estar incompleta.
22:03:59 **** Incremental Build of configuration Debug for project parser ****
make all 
make: Atención: El archivo «parser/parser.d» tiene una hora de modificación 3,7e+02 en el futuro
make: No se hace nada para «all».
make: atención: Se ha detectado una desviación en el reloj. La construcción podría estar incompleta.
22:04:00 **** Incremental Build of configuration Debug for project commons ****
make all 
make: Atención: El archivo «commons/txt.d» tiene una hora de modificación 2,6e+03 en el futuro
make: No se hace nada para «all».
make: atención: Se ha detectado una desviación en el reloj. La construcción podría estar incompleta.
22:04:01 **** Incremental Build of configuration Debug for project libreriasCompartidas ****
make all 
make: Atención: El archivo «libreriasCompartidas/socket.d» tiene una hora de modificación 2,4e+03 en el futuro
make: No se hace nada para «all».
make: atención: Se ha detectado una desviación en el reloj. La construcción podría estar incompleta.
22:04:02 **** Incremental Build of configuration Debug for project parser ****
make all 
make: Atención: El archivo «parser/parser.d» tiene una hora de modificación 3,6e+02 en el futuro
make: No se hace nada para «all».
make: atención: Se ha detectado una desviación en el reloj. La construcción podría estar incompleta.
22:04:03 **** Incremental Build of configuration Debug for project commons ****
make all 
make: Atención: El archivo «commons/txt.d» tiene una hora de modificación 2,6e+03 en el futuro
make: No se hace nada para «all».
make: atención: Se ha detectado una desviación en el reloj. La construcción podría estar incompleta.
22:04:04 **** Incremental Build of configuration Debug for project libreriasCompartidas ****
make all 
make: Atención: El archivo «libreriasCompartidas/socket.d» tiene una hora de modificación 2,4e+03 en el futuro
make: No se hace nada para «all».
make: atención: Se ha detectado una desviación en el reloj. La construcción podría estar incompleta.
22:04:04 **** Incremental Build of configuration Debug for project nucleo ****
make all 
make: Atención: El archivo «src/mainNucleo.d» tiene una hora de modificación 2,8e+03 en el futuro
Building target: nucleo
Invoking: GCC C Linker
gcc -L"/home/utnso/tp-2016-1c-Better-call-pointer/parser/Debug" -L"/home/utnso/tp-2016-1c-Better-call-pointer/libreriasCompartidas/Debug" -L"/home/utnso/tp-2016-1c-Better-call-pointer/commons/Debug" -o "nucleo"  ./src/mainNucleo.o ./src/nucleo.o   -lparser -llibreriasCompartidas -lcommons
Finished building target: nucleo
 
make: atención: Se ha detectado una desviación en el reloj. La construcción podría estar incompleta.
